This is pdfTeX, Version 3.14159265-2.6-1.40.16 (TeX Live 2015/Debian) (preloaded format=pdflatex 2016.9.1)  22 FEB 2017 12:21
entering extended mode
 restricted \write18 enabled.
 %&-line parsing enabled.
**classicthesis-article.tex
(./classicthesis-article.tex
LaTeX2e <2016/02/01>
Babel <3.9q> and hyphenation patterns for 81 language(s) loaded.
(/usr/share/texlive/texmf-dist/tex/latex/base/article.cls
Document Class: article 2014/09/29 v1.4h Standard LaTeX document class
(/usr/share/texlive/texmf-dist/tex/latex/base/size10.clo
File: size10.clo 2014/09/29 v1.4h Standard LaTeX file (size option)
)
\c@part=\count79
\c@section=\count80
\c@subsection=\count81
\c@subsubsection=\count82
\c@paragraph=\count83
\c@subparagraph=\count84
\c@figure=\count85
\c@table=\count86
\abovecaptionskip=\skip41
\belowcaptionskip=\skip42
\bibindent=\dimen102
)
(/usr/share/texlive/texmf-dist/tex/latex/base/fontenc.sty
Package: fontenc 2005/09/27 v1.99g Standard LaTeX package

(/usr/share/texlive/texmf-dist/tex/latex/base/t1enc.def
File: t1enc.def 2005/09/27 v1.99g Standard LaTeX file
LaTeX Font Info:    Redeclaring font encoding T1 on input line 48.
))
(/usr/share/texlive/texmf-dist/tex/latex/base/inputenc.sty
Package: inputenc 2015/03/17 v1.2c Input encoding file
\inpenc@prehook=\toks14
\inpenc@posthook=\toks15

(/usr/share/texlive/texmf-dist/tex/latex/base/latin1.def
File: latin1.def 2015/03/17 v1.2c Input encoding file
))
(/usr/share/texlive/texmf-dist/tex/generic/babel/babel.sty
Package: babel 2016/02/24 3.9q The Babel package

(/usr/share/texlive/texmf-dist/tex/generic/babel-spanish/spanish.ldf
Language: spanish.ldf 2016/01/15 v5.0o Spanish support from the babel system

(/usr/share/texlive/texmf-dist/tex/generic/babel/babel.def
File: babel.def 2016/02/24 3.9q Babel common definitions
\babel@savecnt=\count87
\U@D=\dimen103
)
\es@quottoks=\toks16
\es@quotdepth=\count88
Package babel Info: Making " an active character on input line 533.
Package babel Info: Making . an active character on input line 634.
Package babel Info: Making < an active character on input line 679.
Package babel Info: Making > an active character on input line 679.
))
(/usr/share/texlive/texmf-dist/tex/latex/graphics/graphicx.sty
Package: graphicx 2014/10/28 v1.0g Enhanced LaTeX Graphics (DPC,SPQR)

(/usr/share/texlive/texmf-dist/tex/latex/graphics/keyval.sty
Package: keyval 2014/10/28 v1.15 key=value parser (DPC)
\KV@toks@=\toks17
)
(/usr/share/texlive/texmf-dist/tex/latex/graphics/graphics.sty
Package: graphics 2016/01/03 v1.0q Standard LaTeX Graphics (DPC,SPQR)

(/usr/share/texlive/texmf-dist/tex/latex/graphics/trig.sty
Package: trig 2016/01/03 v1.10 sin cos tan (DPC)
)
(/usr/share/texlive/texmf-dist/tex/latex/latexconfig/graphics.cfg
File: graphics.cfg 2010/04/23 v1.9 graphics configuration of TeX Live
)
Package graphics Info: Driver file: pdftex.def on input line 95.

(/usr/share/texlive/texmf-dist/tex/latex/pdftex-def/pdftex.def
File: pdftex.def 2011/05/27 v0.06d Graphics/color for pdfTeX

(/usr/share/texlive/texmf-dist/tex/generic/oberdiek/infwarerr.sty
Package: infwarerr 2010/04/08 v1.3 Providing info/warning/error messages (HO)
)
(/usr/share/texlive/texmf-dist/tex/generic/oberdiek/ltxcmds.sty
Package: ltxcmds 2011/11/09 v1.22 LaTeX kernel commands for general use (HO)
)
\Gread@gobject=\count89
))
\Gin@req@height=\dimen104
\Gin@req@width=\dimen105
)
(/usr/share/texlive/texmf-dist/tex/latex/lipsum/lipsum.sty
Package: lipsum 2014/07/27 v1.3 150 paragraphs of Lorem Ipsum dummy text
\c@lips@count=\count90
)
(/usr/share/texlive/texmf-dist/tex/latex/url/url.sty
\Urlmuskip=\muskip10
Package: url 2013/09/16  ver 3.4  Verb mode for urls, etc.
)
(/usr/share/texlive/texmf-dist/tex/latex/classicthesis/classicthesis.sty
Package: classicthesis 2015/09/06 v4.2 Typographic style for a classic-looking 
thesis

(/usr/share/texlive/texmf-dist/tex/latex/base/ifthen.sty
Package: ifthen 2014/09/29 v1.1c Standard LaTeX ifthen package (DPC)
)
Package classicthesis Info: Using option "nochapters" (probably for an article)
. This turns off the options "linedheaders", "manychapters", "floatperchapter",
"listsseparated", "eulerchapternumbers", and "parts". Please be aware of that. 
on input line 158.

(/usr/share/texlive/texmf-dist/tex/generic/oberdiek/ifpdf.sty
Package: ifpdf 2011/01/30 v2.3 Provides the ifpdf switch (HO)
Package ifpdf Info: pdfTeX in PDF mode is detected.
)
(/usr/share/texlive/texmf-dist/tex/latex/hyperref/hyperref.sty
Package: hyperref 2012/11/06 v6.83m Hypertext links for LaTeX

(/usr/share/texlive/texmf-dist/tex/generic/oberdiek/hobsub-hyperref.sty
Package: hobsub-hyperref 2012/05/28 v1.13 Bundle oberdiek, subset hyperref (HO)


(/usr/share/texlive/texmf-dist/tex/generic/oberdiek/hobsub-generic.sty
Package: hobsub-generic 2012/05/28 v1.13 Bundle oberdiek, subset generic (HO)
Package: hobsub 2012/05/28 v1.13 Construct package bundles (HO)
Package hobsub Info: Skipping package `infwarerr' (already loaded).
Package hobsub Info: Skipping package `ltxcmds' (already loaded).
Package: ifluatex 2010/03/01 v1.3 Provides the ifluatex switch (HO)
Package ifluatex Info: LuaTeX not detected.
Package: ifvtex 2010/03/01 v1.5 Detect VTeX and its facilities (HO)
Package ifvtex Info: VTeX not detected.
Package: intcalc 2007/09/27 v1.1 Expandable calculations with integers (HO)
Package hobsub Info: Skipping package `ifpdf' (already loaded).
Package: etexcmds 2011/02/16 v1.5 Avoid name clashes with e-TeX commands (HO)
Package etexcmds Info: Could not find \expanded.
(etexcmds)             That can mean that you are not using pdfTeX 1.50 or
(etexcmds)             that some package has redefined \expanded.
(etexcmds)             In the latter case, load this package earlier.
Package: kvsetkeys 2012/04/25 v1.16 Key value parser (HO)
Package: kvdefinekeys 2011/04/07 v1.3 Define keys (HO)
Package: pdftexcmds 2011/11/29 v0.20 Utility functions of pdfTeX for LuaTeX (HO
)
Package pdftexcmds Info: LuaTeX not detected.
Package pdftexcmds Info: \pdf@primitive is available.
Package pdftexcmds Info: \pdf@ifprimitive is available.
Package pdftexcmds Info: \pdfdraftmode found.
Package: pdfescape 2011/11/25 v1.13 Implements pdfTeX's escape features (HO)
Package: bigintcalc 2012/04/08 v1.3 Expandable calculations on big integers (HO
)
Package: bitset 2011/01/30 v1.1 Handle bit-vector datatype (HO)
Package: uniquecounter 2011/01/30 v1.2 Provide unlimited unique counter (HO)
)
Package hobsub Info: Skipping package `hobsub' (already loaded).
Package: letltxmacro 2010/09/02 v1.4 Let assignment for LaTeX macros (HO)
Package: hopatch 2012/05/28 v1.2 Wrapper for package hooks (HO)
Package: xcolor-patch 2011/01/30 xcolor patch
Package: atveryend 2011/06/30 v1.8 Hooks at the very end of document (HO)
Package atveryend Info: \enddocument detected (standard20110627).
Package: atbegshi 2011/10/05 v1.16 At begin shipout hook (HO)
Package: refcount 2011/10/16 v3.4 Data extraction from label references (HO)
Package: hycolor 2011/01/30 v1.7 Color options for hyperref/bookmark (HO)
)
(/usr/share/texlive/texmf-dist/tex/generic/ifxetex/ifxetex.sty
Package: ifxetex 2010/09/12 v0.6 Provides ifxetex conditional
)
(/usr/share/texlive/texmf-dist/tex/latex/oberdiek/auxhook.sty
Package: auxhook 2011/03/04 v1.3 Hooks for auxiliary files (HO)
)
(/usr/share/texlive/texmf-dist/tex/latex/oberdiek/kvoptions.sty
Package: kvoptions 2011/06/30 v3.11 Key value format for package options (HO)
)
\@linkdim=\dimen106
\Hy@linkcounter=\count91
\Hy@pagecounter=\count92

(/usr/share/texlive/texmf-dist/tex/latex/hyperref/pd1enc.def
File: pd1enc.def 2012/11/06 v6.83m Hyperref: PDFDocEncoding definition (HO)
)
\Hy@SavedSpaceFactor=\count93

(/usr/share/texlive/texmf-dist/tex/latex/latexconfig/hyperref.cfg
File: hyperref.cfg 2002/06/06 v1.2 hyperref configuration of TeXLive
)
Package hyperref Info: Hyper figures OFF on input line 4443.
Package hyperref Info: Link nesting OFF on input line 4448.
Package hyperref Info: Hyper index ON on input line 4451.
Package hyperref Info: Plain pages OFF on input line 4458.
Package hyperref Info: Backreferencing OFF on input line 4463.
Package hyperref Info: Implicit mode ON; LaTeX internals redefined.
Package hyperref Info: Bookmarks ON on input line 4688.
\c@Hy@tempcnt=\count94
LaTeX Info: Redefining \url on input line 5041.
\XeTeXLinkMargin=\dimen107
\Fld@menulength=\count95
\Field@Width=\dimen108
\Fld@charsize=\dimen109
Package hyperref Info: Hyper figures OFF on input line 6295.
Package hyperref Info: Link nesting OFF on input line 6300.
Package hyperref Info: Hyper index ON on input line 6303.
Package hyperref Info: backreferencing OFF on input line 6310.
Package hyperref Info: Link coloring OFF on input line 6315.
Package hyperref Info: Link coloring with OCG OFF on input line 6320.
Package hyperref Info: PDF/A mode OFF on input line 6325.
LaTeX Info: Redefining \ref on input line 6365.
LaTeX Info: Redefining \pageref on input line 6369.
\Hy@abspage=\count96
\c@Item=\count97
\c@Hfootnote=\count98
)

Package hyperref Message: Driver (autodetected): hpdftex.

(/usr/share/texlive/texmf-dist/tex/latex/hyperref/hpdftex.def
File: hpdftex.def 2012/11/06 v6.83m Hyperref driver for pdfTeX
\Fld@listcount=\count99
\c@bookmark@seq@number=\count100

(/usr/share/texlive/texmf-dist/tex/latex/oberdiek/rerunfilecheck.sty
Package: rerunfilecheck 2011/04/15 v1.7 Rerun checks for auxiliary files (HO)
Package uniquecounter Info: New unique counter `rerunfilecheck' on input line 2
82.
)
\Hy@SectionHShift=\skip43
)
(/usr/share/texmf/tex/latex/xcolor/xcolor.sty
Package: xcolor 2007/01/21 v2.11 LaTeX color extensions (UK)

(/usr/share/texlive/texmf-dist/tex/latex/latexconfig/color.cfg
File: color.cfg 2007/01/18 v1.5 color configuration of teTeX/TeXLive
)
Package xcolor Info: Driver file: pdftex.def on input line 225.
Package xcolor Info: Model `cmy' substituted by `cmy0' on input line 1337.
Package xcolor Info: Model `hsb' substituted by `rgb' on input line 1341.
Package xcolor Info: Model `RGB' extended on input line 1353.
Package xcolor Info: Model `HTML' substituted by `rgb' on input line 1355.
Package xcolor Info: Model `Hsb' substituted by `hsb' on input line 1356.
Package xcolor Info: Model `tHsb' substituted by `hsb' on input line 1357.
Package xcolor Info: Model `HSB' substituted by `hsb' on input line 1358.
Package xcolor Info: Model `Gray' substituted by `gray' on input line 1359.
Package xcolor Info: Model `wave' substituted by `hsb' on input line 1360.

(/usr/share/texlive/texmf-dist/tex/latex/graphics/dvipsnam.def
File: dvipsnam.def 2015/12/30 v3.0k Driver-dependent file (DPC,SPQR)
))
(/usr/share/texlive/texmf-dist/tex/latex/psnfss/mathpazo.sty
Package: mathpazo 2005/04/12 PSNFSS-v9.2a Palatino w/ Pazo Math (D.Puga, WaS) 
\symupright=\mathgroup4
)
(/usr/share/texlive/texmf-dist/tex/latex/microtype/microtype.sty
Package: microtype 2013/05/23 v2.5a Micro-typographical refinements (RS)
\MT@toks=\toks18
\MT@count=\count101
LaTeX Info: Redefining \textls on input line 766.
\MT@outer@kern=\dimen110
LaTeX Info: Redefining \textmicrotypecontext on input line 1285.
\MT@listname@count=\count102

(/usr/share/texlive/texmf-dist/tex/latex/microtype/microtype-pdftex.def
File: microtype-pdftex.def 2013/05/23 v2.5a Definitions specific to pdftex (RS)

LaTeX Info: Redefining \lsstyle on input line 915.
LaTeX Info: Redefining \lslig on input line 915.
\MT@outer@space=\skip44
)
Package microtype Info: Loading configuration file microtype.cfg.

(/usr/share/texlive/texmf-dist/tex/latex/microtype/microtype.cfg
File: microtype.cfg 2013/05/23 v2.5a microtype main configuration file (RS)
))
(/usr/share/texlive/texmf-dist/tex/latex/koma-script/typearea.sty
Package: typearea 2015/10/03 v3.19a KOMA-Script package (type area)

Package typearea, 2015/10/03 v3.19a KOMA-Script package (type area)
                  Copyright (C) Frank Neukam, 1992-1994
                  Copyright (C) Markus Kohm, 1994-

(/usr/share/texlive/texmf-dist/tex/latex/koma-script/scrkbase.sty
Package: scrkbase 2015/10/03 v3.19a KOMA-Script package (KOMA-Script-dependent 
basics and keyval usage)

(/usr/share/texlive/texmf-dist/tex/latex/koma-script/scrbase.sty
Package: scrbase 2015/10/03 v3.19a KOMA-Script package (KOMA-Script-independent
 basics and keyval usage)

(/usr/share/texlive/texmf-dist/tex/latex/koma-script/scrlfile.sty
Package: scrlfile 2015/10/03 v3.19a KOMA-Script package (loading files)

Package scrlfile, 2015/10/03 v3.19a KOMA-Script package (loading files)
                  Copyright (C) Markus Kohm

)))
\ta@bcor=\skip45
\ta@div=\count103
Package typearea Info: You've used standard option `a4paper'.
(typearea)             This is correct!
(typearea)             Internally I'm using `paper=a4'.
(typearea)             If you'd like to set the option with \KOMAoptions,
(typearea)             you'd have to use `paper=a4' there
(typearea)             instead of `a4paper', too.
\ta@hblk=\skip46
\ta@vblk=\skip47
\ta@temp=\skip48
\footheight=\skip49
LaTeX Font Info:    Try loading font information for T1+pplj on input line 1509
.
 (/usr/share/texlive/texmf-dist/tex/latex/psnfss/t1pplj.fd
File: t1pplj.fd 2004/09/06 font definitions for T1/pplj.
)
Package typearea Info: These are the values describing the layout:
(typearea)             DIV  = 8
(typearea)             BCOR = 0.0pt
(typearea)             \paperwidth      = 597.50793pt
(typearea)              \textwidth      = 373.44246pt
(typearea)              DIV departure   = 0%
(typearea)              \evensidemargin = 39.76274pt
(typearea)              \oddsidemargin  = 39.76274pt
(typearea)             \paperheight     = 845.04694pt
(typearea)              \textheight     = 539.20154pt
(typearea)              \topmargin      = -1.28923pt
(typearea)              \headheight     = 15.75005pt
(typearea)              \headsep        = 18.90005pt
(typearea)              \topskip        = 10.0pt
(typearea)              \footskip       = 44.10013pt
(typearea)              \baselineskip   = 12.60004pt
(typearea)              on input line 1509.
)
Package classicthesis Info: A4 paper, Palatino or other on input line 272.
Package typearea Info: These are the values describing the layout:
(typearea)             DIV  = areaset
(typearea)             BCOR = 0.0pt
(typearea)             \paperwidth      = 597.50793pt
(typearea)              \textwidth      = 336.0pt
(typearea)              \evensidemargin = 58.48398pt
(typearea)              \oddsidemargin  = 58.48398pt
(typearea)             \paperheight     = 845.04694pt
(typearea)              \textheight     = 750.0pt
(typearea)              \topmargin      = -74.48773pt
(typearea)              \headheight     = 15.0pt
(typearea)              \headsep        = 18.90005pt
(typearea)              \topskip        = 10.0pt
(typearea)              \footskip       = 44.10013pt
(typearea)              \baselineskip   = 12.60004pt
(typearea)              on input line 272.

(/usr/share/texlive/texmf-dist/tex/latex/booktabs/booktabs.sty
Package: booktabs 2005/04/14 v1.61803 publication quality tables
\heavyrulewidth=\dimen111
\lightrulewidth=\dimen112
\cmidrulewidth=\dimen113
\belowrulesep=\dimen114
\belowbottomsep=\dimen115
\aboverulesep=\dimen116
\abovetopsep=\dimen117
\cmidrulesep=\dimen118
\cmidrulekern=\dimen119
\defaultaddspace=\dimen120
\@cmidla=\count104
\@cmidlb=\count105
\@aboverulesep=\dimen121
\@belowrulesep=\dimen122
\@thisruleclass=\count106
\@lastruleclass=\count107
\@thisrulewidth=\dimen123
)
(/usr/share/texlive/texmf-dist/tex/latex/textcase/textcase.sty
Package: textcase 2004/10/07 v0.07 Text only upper/lower case changing (DPC)
)
(/usr/share/texlive/texmf-dist/tex/latex/soul/soul.sty
Package: soul 2003/11/17 v2.4 letterspacing/underlining (mf)
\SOUL@word=\toks19
\SOUL@lasttoken=\toks20
\SOUL@cmds=\toks21
\SOUL@buffer=\toks22
\SOUL@token=\toks23
\SOUL@spaceskip=\skip50
\SOUL@ttwidth=\dimen124
\SOUL@uldp=\dimen125
\SOUL@ulht=\dimen126
)
(/usr/share/texlive/texmf-dist/tex/latex/koma-script/scrlayer-scrpage.sty
Package: scrlayer-scrpage 2015/10/03 v3.19a KOMA-Script package (end user inter
face for scrlayer)

(/usr/share/texlive/texmf-dist/tex/latex/koma-script/scrlayer.sty
Package: scrlayer 2015/10/03 v3.19a KOMA-Script package (defining layers and pa
ge styles)
Package scrlayer Info: Using already defined \footheight
(scrlayer)             hoping, that this is a length and
(scrlayer)             not only a macro on input line 107.
Package scrlayer Info: patching LaTeX kernel macro \pagestyle on input line 197
5.
))
Package scrlayer-scrpage Info: auto-selection of `pagestyleset=standard'.

1: subsection
1: section
1: section
1: subsection
(/usr/share/texlive/texmf-dist/tex/latex/titlesec/titlesec.sty
Package: titlesec 2016/03/15 v2.10.1 Sectioning titles
\ttl@box=\box26
\beforetitleunit=\skip51
\aftertitleunit=\skip52
\ttl@plus=\dimen127
\ttl@minus=\dimen128
\ttl@toksa=\toks24
\titlewidth=\dimen129
\titlewidthlast=\dimen130
\titlewidthfirst=\dimen131
)
(/usr/share/texlive/texmf-dist/tex/latex/tocloft/tocloft.sty
Package: tocloft 2013/05/02 v2.3f parameterised ToC, etc., typesetting
Package tocloft Info: The document has section divisions on input line 44.
\cftparskip=\skip53
\cftbeforetoctitleskip=\skip54
\cftaftertoctitleskip=\skip55
\cftbeforepartskip=\skip56
\cftpartnumwidth=\skip57
\cftpartindent=\skip58
\cftbeforesecskip=\skip59
\cftsecindent=\skip60
\cftsecnumwidth=\skip61
\cftbeforesubsecskip=\skip62
\cftsubsecindent=\skip63
\cftsubsecnumwidth=\skip64
\cftbeforesubsubsecskip=\skip65
\cftsubsubsecindent=\skip66
\cftsubsubsecnumwidth=\skip67
\cftbeforeparaskip=\skip68
\cftparaindent=\skip69
\cftparanumwidth=\skip70
\cftbeforesubparaskip=\skip71
\cftsubparaindent=\skip72
\cftsubparanumwidth=\skip73
\cftbeforeloftitleskip=\skip74
\cftafterloftitleskip=\skip75
\cftbeforefigskip=\skip76
\cftfigindent=\skip77
\cftfignumwidth=\skip78
\c@lofdepth=\count108
\c@lotdepth=\count109
\cftbeforelottitleskip=\skip79
\cftafterlottitleskip=\skip80
\cftbeforetabskip=\skip81
\cfttabindent=\skip82
\cfttabnumwidth=\skip83
)
\newnumberwidth=\skip84
\beforebibskip=\skip85
\newchnumberwidth=\skip86
\figurelabelwidth=\skip87
\tablelabelwidth=\skip88

(/usr/share/texlive/texmf-dist/tex/latex/footmisc/footmisc.sty
Package: footmisc 2011/06/06 v5.5b a miscellany of footnote facilities
\FN@temptoken=\toks25
\footnotemargin=\dimen132
\c@pp@next@reset=\count110
Package footmisc Info: Declaring symbol style bringhurst on input line 855.
Package footmisc Info: Declaring symbol style chicago on input line 863.
Package footmisc Info: Declaring symbol style wiley on input line 872.
Package footmisc Info: Declaring symbol style lamport-robust on input line 883.

Package footmisc Info: Declaring symbol style lamport* on input line 903.
Package footmisc Info: Declaring symbol style lamport*-robust on input line 924
.
)

Package classicthesis Warning: Using package "footmisc" with option "flushmargi
n" for footnote setup (not 100\% the same as with KOMA).

(/usr/share/texlive/texmf-dist/tex/latex/koma-script/scrtime.sty
Package: scrtime 2015/10/03 v3.19a KOMA-Script package (time of LaTeX run)
)
(/usr/share/texlive/texmf-dist/tex/latex/carlisle/remreset.sty))
(/usr/share/texlive/texmf-dist/tex/latex/amsmath/amsmath.sty
Package: amsmath 2016/03/03 v2.15a AMS math features
\@mathmargin=\skip89

For additional information on amsmath, use the `?' option.
(/usr/share/texlive/texmf-dist/tex/latex/amsmath/amstext.sty
Package: amstext 2000/06/29 v2.01 AMS text

(/usr/share/texlive/texmf-dist/tex/latex/amsmath/amsgen.sty
File: amsgen.sty 1999/11/30 v2.0 generic functions
\@emptytoks=\toks26
\ex@=\dimen133
))
(/usr/share/texlive/texmf-dist/tex/latex/amsmath/amsbsy.sty
Package: amsbsy 1999/11/29 v1.2d Bold Symbols
\pmbraise@=\dimen134
)
(/usr/share/texlive/texmf-dist/tex/latex/amsmath/amsopn.sty
Package: amsopn 1999/12/14 v2.01 operator names
)
\inf@bad=\count111
LaTeX Info: Redefining \frac on input line 199.
\uproot@=\count112
\leftroot@=\count113
LaTeX Info: Redefining \overline on input line 297.
\classnum@=\count114
\DOTSCASE@=\count115
LaTeX Info: Redefining \ldots on input line 394.
LaTeX Info: Redefining \dots on input line 397.
LaTeX Info: Redefining \cdots on input line 518.
\Mathstrutbox@=\box27
\strutbox@=\box28
\big@size=\dimen135
LaTeX Font Info:    Redeclaring font encoding OML on input line 630.
LaTeX Font Info:    Redeclaring font encoding OMS on input line 631.
\macc@depth=\count116
\c@MaxMatrixCols=\count117
\dotsspace@=\muskip11
\c@parentequation=\count118
\dspbrk@lvl=\count119
\tag@help=\toks27
\row@=\count120
\column@=\count121
\maxfields@=\count122
\andhelp@=\toks28
\eqnshift@=\dimen136
\alignsep@=\dimen137
\tagshift@=\dimen138
\tagwidth@=\dimen139
\totwidth@=\dimen140
\lineht@=\dimen141
\@envbody=\toks29
\multlinegap=\skip90
\multlinetaggap=\skip91
\mathdisplay@stack=\toks30
LaTeX Info: Redefining \[ on input line 2735.
LaTeX Info: Redefining \] on input line 2736.
)
(/usr/share/texlive/texmf-dist/tex/latex/amsfonts/amsfonts.sty
Package: amsfonts 2013/01/14 v3.01 Basic AMSFonts support
\symAMSa=\mathgroup5
\symAMSb=\mathgroup6
LaTeX Font Info:    Overwriting math alphabet `\mathfrak' in version `bold'
(Font)                  U/euf/m/n --> U/euf/b/n on input line 106.
)
(/usr/share/texlive/texmf-dist/tex/latex/amscls/amsthm.sty
Package: amsthm 2015/03/04 v2.20.2
\thm@style=\toks31
\thm@bodyfont=\toks32
\thm@headfont=\toks33
\thm@notefont=\toks34
\thm@headpunct=\toks35
\thm@preskip=\skip92
\thm@postskip=\skip93
\thm@headsep=\skip94
\dth@everypar=\toks36
)
(/usr/share/texlive/texmf-dist/tex/latex/enumitem/enumitem.sty
Package: enumitem 2011/09/28 v3.5.2 Customized lists
\labelindent=\skip95
\enit@outerparindent=\dimen142
\enit@toks=\toks37
\enit@inbox=\box29
\enitdp@description=\count123
)
(./classicthesis-article.aux
LaTeX Info: Redefining \. on input line 23.
LaTeX Info: Redefining \% on input line 23.


LaTeX Warning: Label `fig: figura' multiply defined.


LaTeX Warning: Label `fig: figura' multiply defined.


LaTeX Warning: Label `fig: figura' multiply defined.


LaTeX Warning: Label `fig: figura' multiply defined.


LaTeX Warning: Label `fig: figura' multiply defined.


LaTeX Warning: Label `fig: figura' multiply defined.


LaTeX Warning: Label `fig: figura' multiply defined.


LaTeX Warning: Label `fig: figura' multiply defined.


LaTeX Warning: Label `fig: figura' multiply defined.


LaTeX Warning: Label `fig: figura' multiply defined.


LaTeX Warning: Label `fig: figura' multiply defined.


LaTeX Warning: Label `fig: figura' multiply defined.


LaTeX Warning: Label `fig: figura' multiply defined.


LaTeX Warning: Label `fig: figura' multiply defined.


LaTeX Warning: Label `fig: figura' multiply defined.


LaTeX Warning: Label `fig: figura' multiply defined.


LaTeX Warning: Label `fig: figura' multiply defined.


LaTeX Warning: Label `fig: figura' multiply defined.

)
\openout1 = `classicthesis-article.aux'.

LaTeX Font Info:    Checking defaults for OML/cmm/m/it on input line 24.
LaTeX Font Info:    ... okay on input line 24.
LaTeX Font Info:    Checking defaults for T1/cmr/m/n on input line 24.
LaTeX Font Info:    ... okay on input line 24.
LaTeX Font Info:    Checking defaults for OT1/cmr/m/n on input line 24.
LaTeX Font Info:    ... okay on input line 24.
LaTeX Font Info:    Checking defaults for OMS/cmsy/m/n on input line 24.
LaTeX Font Info:    ... okay on input line 24.
LaTeX Font Info:    Checking defaults for OMX/cmex/m/n on input line 24.
LaTeX Font Info:    ... okay on input line 24.
LaTeX Font Info:    Checking defaults for U/cmr/m/n on input line 24.
LaTeX Font Info:    ... okay on input line 24.
LaTeX Font Info:    Checking defaults for PD1/pdf/m/n on input line 24.
LaTeX Font Info:    ... okay on input line 24.
LaTeX Info: Redefining \. on input line 24.
LaTeX Info: Redefining \% on input line 24.
 (/usr/share/texlive/texmf-dist/tex/context/base/supp-pdf.mkii
[Loading MPS to PDF converter (version 2006.09.02).]
\scratchcounter=\count124
\scratchdimen=\dimen143
\scratchbox=\box30
\nofMPsegments=\count125
\nofMParguments=\count126
\everyMPshowfont=\toks38
\MPscratchCnt=\count127
\MPscratchDim=\dimen144
\MPnumerator=\count128
\makeMPintoPDFobject=\count129
\everyMPtoPDFconversion=\toks39
) (/usr/share/texlive/texmf-dist/tex/latex/oberdiek/epstopdf-base.sty
Package: epstopdf-base 2010/02/09 v2.5 Base part for package epstopdf

(/usr/share/texlive/texmf-dist/tex/latex/oberdiek/grfext.sty
Package: grfext 2010/08/19 v1.1 Manage graphics extensions (HO)
)
Package grfext Info: Graphics extension search list:
(grfext)             [.png,.pdf,.jpg,.mps,.jpeg,.jbig2,.jb2,.PNG,.PDF,.JPG,.JPE
G,.JBIG2,.JB2,.eps]
(grfext)             \AppendGraphicsExtensions on input line 452.

(/usr/share/texlive/texmf-dist/tex/latex/latexconfig/epstopdf-sys.cfg
File: epstopdf-sys.cfg 2010/07/13 v1.3 Configuration of (r)epstopdf for TeX Liv
e
))
\AtBeginShipoutBox=\box31
Package hyperref Info: Link coloring OFF on input line 24.

(/usr/share/texlive/texmf-dist/tex/latex/hyperref/nameref.sty
Package: nameref 2012/10/27 v2.43 Cross-referencing by name of section

(/usr/share/texlive/texmf-dist/tex/generic/oberdiek/gettitlestring.sty
Package: gettitlestring 2010/12/03 v1.4 Cleanup title references (HO)
)
\c@section@level=\count130
)
LaTeX Info: Redefining \ref on input line 24.
LaTeX Info: Redefining \pageref on input line 24.
LaTeX Info: Redefining \nameref on input line 24.

(./classicthesis-article.out) (./classicthesis-article.out)
\@outlinefile=\write3
\openout3 = `classicthesis-article.out'.

LaTeX Info: Redefining \microtypecontext on input line 24.
Package microtype Info: Generating PDF output.
Package microtype Info: Character protrusion enabled (level 2).
Package microtype Info: Using default protrusion set `alltext'.
Package microtype Info: Automatic font expansion enabled (level 2),
(microtype)             stretch: 20, shrink: 20, step: 1, non-selected.
Package microtype Info: Using default expansion set `basictext'.
Package microtype Info: No adjustment of tracking.
Package microtype Info: No adjustment of interword spacing.
Package microtype Info: No adjustment of character kerning.

(/usr/share/texlive/texmf-dist/tex/latex/microtype/mt-ppl.cfg
File: mt-ppl.cfg 2005/11/16 v1.6 microtype config. file: Palatino (RS)
)
LaTeX Font Info:    Try loading font information for OT1+pplx on input line 31.


(/usr/share/texlive/texmf-dist/tex/latex/psnfss/ot1pplx.fd
File: ot1pplx.fd 2004/09/06 font definitions for OT1/pplx.
)
LaTeX Font Info:    Try loading font information for OML+zplm on input line 31.


(/usr/share/texlive/texmf-dist/tex/latex/psnfss/omlzplm.fd
File: omlzplm.fd 2002/09/08 Fontinst v1.914 font definitions for OML/zplm.
)
LaTeX Font Info:    Try loading font information for OMS+zplm on input line 31.


(/usr/share/texlive/texmf-dist/tex/latex/psnfss/omszplm.fd
File: omszplm.fd 2002/09/08 Fontinst v1.914 font definitions for OMS/zplm.
)
LaTeX Font Info:    Try loading font information for OMX+zplm on input line 31.


(/usr/share/texlive/texmf-dist/tex/latex/psnfss/omxzplm.fd
File: omxzplm.fd 2002/09/08 Fontinst v1.914 font definitions for OMX/zplm.
)
LaTeX Font Info:    Try loading font information for OT1+zplm on input line 31.


(/usr/share/texlive/texmf-dist/tex/latex/psnfss/ot1zplm.fd
File: ot1zplm.fd 2002/09/08 Fontinst v1.914 font definitions for OT1/zplm.
)
Package microtype Info: Loading generic settings for font family
(microtype)             `zplm' (encoding: OT1).
(microtype)             For optimal results, create family-specific settings.
(microtype)             See the microtype manual for details.
LaTeX Font Info:    Font shape `U/msa/m/n' will be
(Font)              scaled to size 12.50409pt on input line 31.

(/usr/share/texlive/texmf-dist/tex/latex/microtype/mt-msa.cfg
File: mt-msa.cfg 2006/02/04 v1.1 microtype config. file: AMS symbols (a) (RS)
)
LaTeX Font Info:    Font shape `U/msa/m/n' will be
(Font)              scaled to size 9.37807pt on input line 31.
LaTeX Font Info:    Font shape `U/msa/m/n' will be
(Font)              scaled to size 7.29405pt on input line 31.
LaTeX Font Info:    Font shape `U/msb/m/n' will be
(Font)              scaled to size 12.50409pt on input line 31.

(/usr/share/texlive/texmf-dist/tex/latex/microtype/mt-msb.cfg
File: mt-msb.cfg 2005/06/01 v1.0 microtype config. file: AMS symbols (b) (RS)
)
LaTeX Font Info:    Font shape `U/msb/m/n' will be
(Font)              scaled to size 9.37807pt on input line 31.
LaTeX Font Info:    Font shape `U/msb/m/n' will be
(Font)              scaled to size 7.29405pt on input line 31.
Package microtype Info: Character `029' is missing
(microtype)             in font `T1/pplj/m/sc/12'.
(microtype)             Ignoring protrusion settings for this character.
LaTeX Font Info:    Font shape `T1/pplj/bx/n' in size <9> not available
(Font)              Font shape `T1/pplj/b/n' tried instead on input line 32.
LaTeX Font Info:    Font shape `U/msa/m/n' will be
(Font)              scaled to size 5.21004pt on input line 33.
LaTeX Font Info:    Font shape `U/msb/m/n' will be
(Font)              scaled to size 5.21004pt on input line 33.
LaTeX Font Info:    Font shape `U/msa/m/n' will be
(Font)              scaled to size 8.33606pt on input line 33.
LaTeX Font Info:    Font shape `U/msa/m/n' will be
(Font)              scaled to size 6.25204pt on input line 33.
LaTeX Font Info:    Font shape `U/msb/m/n' will be
(Font)              scaled to size 8.33606pt on input line 33.
LaTeX Font Info:    Font shape `U/msb/m/n' will be
(Font)              scaled to size 6.25204pt on input line 33.
Package microtype Info: Character `029' is missing
(microtype)             in font `T1/pplj/m/sc/10'.
(microtype)             Ignoring protrusion settings for this character.

(./classicthesis-article.toc
LaTeX Info: Redefining \. on input line 1.
LaTeX Info: Redefining \% on input line 1.
LaTeX Font Info:    Font shape `U/msa/m/n' will be
(Font)              scaled to size 10.42007pt on input line 10.
LaTeX Font Info:    Font shape `U/msa/m/n' will be
(Font)              scaled to size 7.91925pt on input line 10.
LaTeX Font Info:    Font shape `U/msb/m/n' will be
(Font)              scaled to size 10.42007pt on input line 10.
LaTeX Font Info:    Font shape `U/msb/m/n' will be
(Font)              scaled to size 7.91925pt on input line 10.
)
\tf@toc=\write4
\openout4 = `classicthesis-article.toc'.

Package babel Info: Redefining spanish shorthand <<
(babel)             in language  on input line 38.
Package babel Info: Redefining spanish shorthand >>
(babel)             in language  on input line 38.
Package babel Info: Redefining spanish shorthand "=
(babel)             in language  on input line 38.
Package babel Info: Redefining spanish shorthand "~
(babel)             in language  on input line 38.
Package babel Info: Redefining spanish shorthand "!
(babel)             in language  on input line 38.
Package babel Info: Redefining spanish shorthand "?
(babel)             in language  on input line 38.
Package babel Info: Redefining spanish shorthand <<
(babel)             in language  on input line 41.
Package babel Info: Redefining spanish shorthand >>
(babel)             in language  on input line 41.
Package babel Info: Redefining spanish shorthand "=
(babel)             in language  on input line 41.
Package babel Info: Redefining spanish shorthand "~
(babel)             in language  on input line 41.
Package babel Info: Redefining spanish shorthand "!
(babel)             in language  on input line 41.
Package babel Info: Redefining spanish shorthand "?
(babel)             in language  on input line 41.
Package babel Info: Redefining spanish shorthand <<
(babel)             in language  on input line 42.
Package babel Info: Redefining spanish shorthand >>
(babel)             in language  on input line 42.
Package babel Info: Redefining spanish shorthand "=
(babel)             in language  on input line 42.
Package babel Info: Redefining spanish shorthand "~
(babel)             in language  on input line 42.
Package babel Info: Redefining spanish shorthand "!
(babel)             in language  on input line 42.
Package babel Info: Redefining spanish shorthand "?
(babel)             in language  on input line 42.
Package babel Info: Redefining spanish shorthand <<
(babel)             in language  on input line 44.
Package babel Info: Redefining spanish shorthand >>
(babel)             in language  on input line 44.
Package babel Info: Redefining spanish shorthand "=
(babel)             in language  on input line 44.
Package babel Info: Redefining spanish shorthand "~
(babel)             in language  on input line 44.
Package babel Info: Redefining spanish shorthand "!
(babel)             in language  on input line 44.
Package babel Info: Redefining spanish shorthand "?
(babel)             in language  on input line 44.
Package babel Info: Redefining spanish shorthand <<
(babel)             in language  on input line 52.
Package babel Info: Redefining spanish shorthand >>
(babel)             in language  on input line 52.
Package babel Info: Redefining spanish shorthand "=
(babel)             in language  on input line 52.
Package babel Info: Redefining spanish shorthand "~
(babel)             in language  on input line 52.
Package babel Info: Redefining spanish shorthand "!
(babel)             in language  on input line 52.
Package babel Info: Redefining spanish shorthand "?
(babel)             in language  on input line 52.
Package babel Info: Redefining spanish shorthand <<
(babel)             in language  on input line 52.
Package babel Info: Redefining spanish shorthand >>
(babel)             in language  on input line 52.
Package babel Info: Redefining spanish shorthand "=
(babel)             in language  on input line 52.
Package babel Info: Redefining spanish shorthand "~
(babel)             in language  on input line 52.
Package babel Info: Redefining spanish shorthand "!
(babel)             in language  on input line 52.
Package babel Info: Redefining spanish shorthand "?
(babel)             in language  on input line 52.
 [1

{/var/lib/texmf/fonts/map/pdftex/updmap/pdftex.map}]
Package babel Info: Redefining spanish shorthand <<
(babel)             in language  on input line 54.
Package babel Info: Redefining spanish shorthand >>
(babel)             in language  on input line 54.
Package babel Info: Redefining spanish shorthand "=
(babel)             in language  on input line 54.
Package babel Info: Redefining spanish shorthand "~
(babel)             in language  on input line 54.
Package babel Info: Redefining spanish shorthand "!
(babel)             in language  on input line 54.
Package babel Info: Redefining spanish shorthand "?
(babel)             in language  on input line 54.
Package babel Info: Redefining spanish shorthand <<
(babel)             in language  on input line 61.
Package babel Info: Redefining spanish shorthand >>
(babel)             in language  on input line 61.
Package babel Info: Redefining spanish shorthand "=
(babel)             in language  on input line 61.
Package babel Info: Redefining spanish shorthand "~
(babel)             in language  on input line 61.
Package babel Info: Redefining spanish shorthand "!
(babel)             in language  on input line 61.
Package babel Info: Redefining spanish shorthand "?
(babel)             in language  on input line 61.
Package babel Info: Redefining spanish shorthand <<
(babel)             in language  on input line 78.
Package babel Info: Redefining spanish shorthand >>
(babel)             in language  on input line 78.
Package babel Info: Redefining spanish shorthand "=
(babel)             in language  on input line 78.
Package babel Info: Redefining spanish shorthand "~
(babel)             in language  on input line 78.
Package babel Info: Redefining spanish shorthand "!
(babel)             in language  on input line 78.
Package babel Info: Redefining spanish shorthand "?
(babel)             in language  on input line 78.
Package babel Info: Redefining spanish shorthand <<
(babel)             in language  on input line 78.
Package babel Info: Redefining spanish shorthand >>
(babel)             in language  on input line 78.
Package babel Info: Redefining spanish shorthand "=
(babel)             in language  on input line 78.
Package babel Info: Redefining spanish shorthand "~
(babel)             in language  on input line 78.
Package babel Info: Redefining spanish shorthand "!
(babel)             in language  on input line 78.
Package babel Info: Redefining spanish shorthand "?
(babel)             in language  on input line 78.
 [2]
Package babel Info: Redefining spanish shorthand <<
(babel)             in language  on input line 125.
Package babel Info: Redefining spanish shorthand >>
(babel)             in language  on input line 125.
Package babel Info: Redefining spanish shorthand "=
(babel)             in language  on input line 125.
Package babel Info: Redefining spanish shorthand "~
(babel)             in language  on input line 125.
Package babel Info: Redefining spanish shorthand "!
(babel)             in language  on input line 125.
Package babel Info: Redefining spanish shorthand "?
(babel)             in language  on input line 125.
Package babel Info: Redefining spanish shorthand <<
(babel)             in language  on input line 125.
Package babel Info: Redefining spanish shorthand >>
(babel)             in language  on input line 125.
Package babel Info: Redefining spanish shorthand "=
(babel)             in language  on input line 125.
Package babel Info: Redefining spanish shorthand "~
(babel)             in language  on input line 125.
Package babel Info: Redefining spanish shorthand "!
(babel)             in language  on input line 125.
Package babel Info: Redefining spanish shorthand "?
(babel)             in language  on input line 125.
 [3]
Package babel Info: Redefining spanish shorthand <<
(babel)             in language  on input line 137.
Package babel Info: Redefining spanish shorthand >>
(babel)             in language  on input line 137.
Package babel Info: Redefining spanish shorthand "=
(babel)             in language  on input line 137.
Package babel Info: Redefining spanish shorthand "~
(babel)             in language  on input line 137.
Package babel Info: Redefining spanish shorthand "!
(babel)             in language  on input line 137.
Package babel Info: Redefining spanish shorthand "?
(babel)             in language  on input line 137.
 <./pictures/pantalla2.png, id=142, 867.24pt x 710.655pt>
File: ./pictures/pantalla2.png Graphic file (type png)

<use ./pictures/pantalla2.png>
Package pdftex.def Info: ./pictures/pantalla2.png used on input line 141.
(pdftex.def)             Requested size: 168.0pt x 137.66087pt.
LaTeX Font Info:    Font shape `T1/pplj/bx/n' in size <10> not available
(Font)              Font shape `T1/pplj/b/n' tried instead on input line 144.

<./pictures/personaMirando.png, id=144, 222.8325pt x 251.94125pt>
File: ./pictures/personaMirando.png Graphic file (type png)

<use ./pictures/personaMirando.png>
Package pdftex.def Info: ./pictures/personaMirando.png used on input line 147.
(pdftex.def)             Requested size: 120.9602pt x 136.76128pt.
Package babel Info: Redefining spanish shorthand <<
(babel)             in language  on input line 150.
Package babel Info: Redefining spanish shorthand >>
(babel)             in language  on input line 150.
Package babel Info: Redefining spanish shorthand "=
(babel)             in language  on input line 150.
Package babel Info: Redefining spanish shorthand "~
(babel)             in language  on input line 150.
Package babel Info: Redefining spanish shorthand "!
(babel)             in language  on input line 150.
Package babel Info: Redefining spanish shorthand "?
(babel)             in language  on input line 150.
Package babel Info: Redefining spanish shorthand <<
(babel)             in language  on input line 150.
Package babel Info: Redefining spanish shorthand >>
(babel)             in language  on input line 150.
Package babel Info: Redefining spanish shorthand "=
(babel)             in language  on input line 150.
Package babel Info: Redefining spanish shorthand "~
(babel)             in language  on input line 150.
Package babel Info: Redefining spanish shorthand "!
(babel)             in language  on input line 150.
Package babel Info: Redefining spanish shorthand "?
(babel)             in language  on input line 150.
 [4 <./pictures/pantalla2.png>]
Package babel Info: Redefining spanish shorthand <<
(babel)             in language  on input line 162.
Package babel Info: Redefining spanish shorthand >>
(babel)             in language  on input line 162.
Package babel Info: Redefining spanish shorthand "=
(babel)             in language  on input line 162.
Package babel Info: Redefining spanish shorthand "~
(babel)             in language  on input line 162.
Package babel Info: Redefining spanish shorthand "!
(babel)             in language  on input line 162.
Package babel Info: Redefining spanish shorthand "?
(babel)             in language  on input line 162.
Package babel Info: Redefining spanish shorthand <<
(babel)             in language  on input line 165.
Package babel Info: Redefining spanish shorthand >>
(babel)             in language  on input line 165.
Package babel Info: Redefining spanish shorthand "=
(babel)             in language  on input line 165.
Package babel Info: Redefining spanish shorthand "~
(babel)             in language  on input line 165.
Package babel Info: Redefining spanish shorthand "!
(babel)             in language  on input line 165.
Package babel Info: Redefining spanish shorthand "?
(babel)             in language  on input line 165.


Package hyperref Warning: Token not allowed in a PDF string (PDFDocEncoding):
(hyperref)                removing `math shift' on input line 165.


Package hyperref Warning: Token not allowed in a PDF string (PDFDocEncoding):
(hyperref)                removing `\phi' on input line 165.


Package hyperref Warning: Token not allowed in a PDF string (PDFDocEncoding):
(hyperref)                removing `subscript' on input line 165.


Package hyperref Warning: Token not allowed in a PDF string (PDFDocEncoding):
(hyperref)                removing `math shift' on input line 165.


Package hyperref Warning: Token not allowed in a PDF string (PDFDocEncoding):
(hyperref)                removing `math shift' on input line 165.


Package hyperref Warning: Token not allowed in a PDF string (PDFDocEncoding):
(hyperref)                removing `\phi' on input line 165.


Package hyperref Warning: Token not allowed in a PDF string (PDFDocEncoding):
(hyperref)                removing `subscript' on input line 165.


Package hyperref Warning: Token not allowed in a PDF string (PDFDocEncoding):
(hyperref)                removing `math shift' on input line 165.

<./pictures/escenario.png, id=154, 1333.98375pt x 791.95876pt>
File: ./pictures/escenario.png Graphic file (type png)

<use ./pictures/escenario.png>
Package pdftex.def Info: ./pictures/escenario.png used on input line 169.
(pdftex.def)             Requested size: 235.19897pt x 139.62202pt.
Package babel Info: Redefining spanish shorthand <<
(babel)             in language  on input line 173.
Package babel Info: Redefining spanish shorthand >>
(babel)             in language  on input line 173.
Package babel Info: Redefining spanish shorthand "=
(babel)             in language  on input line 173.
Package babel Info: Redefining spanish shorthand "~
(babel)             in language  on input line 173.
Package babel Info: Redefining spanish shorthand "!
(babel)             in language  on input line 173.
Package babel Info: Redefining spanish shorthand "?
(babel)             in language  on input line 173.
Package babel Info: Redefining spanish shorthand <<
(babel)             in language  on input line 173.
Package babel Info: Redefining spanish shorthand >>
(babel)             in language  on input line 173.
Package babel Info: Redefining spanish shorthand "=
(babel)             in language  on input line 173.
Package babel Info: Redefining spanish shorthand "~
(babel)             in language  on input line 173.
Package babel Info: Redefining spanish shorthand "!
(babel)             in language  on input line 173.
Package babel Info: Redefining spanish shorthand "?
(babel)             in language  on input line 173.
 [5 <./pictures/personaMirando.png>]
Overfull \hbox (12.2208pt too wide) in alignment at lines 190--192
 [][][] []
 []

Package babel Info: Redefining spanish shorthand <<
(babel)             in language  on input line 200.
Package babel Info: Redefining spanish shorthand >>
(babel)             in language  on input line 200.
Package babel Info: Redefining spanish shorthand "=
(babel)             in language  on input line 200.
Package babel Info: Redefining spanish shorthand "~
(babel)             in language  on input line 200.
Package babel Info: Redefining spanish shorthand "!
(babel)             in language  on input line 200.
Package babel Info: Redefining spanish shorthand "?
(babel)             in language  on input line 200.

Package hyperref Warning: Token not allowed in a PDF string (PDFDocEncoding):
(hyperref)                removing `math shift' on input line 200.


Package hyperref Warning: Token not allowed in a PDF string (PDFDocEncoding):
(hyperref)                removing `\phi' on input line 200.


Package hyperref Warning: Token not allowed in a PDF string (PDFDocEncoding):
(hyperref)                removing `subscript' on input line 200.


Package hyperref Warning: Token not allowed in a PDF string (PDFDocEncoding):
(hyperref)                removing `math shift' on input line 200.


Package hyperref Warning: Token not allowed in a PDF string (PDFDocEncoding):
(hyperref)                removing `math shift' on input line 200.


Package hyperref Warning: Token not allowed in a PDF string (PDFDocEncoding):
(hyperref)                removing `\phi' on input line 200.


Package hyperref Warning: Token not allowed in a PDF string (PDFDocEncoding):
(hyperref)                removing `subscript' on input line 200.


Package hyperref Warning: Token not allowed in a PDF string (PDFDocEncoding):
(hyperref)                removing `math shift' on input line 200.

Package babel Info: Redefining spanish shorthand <<
(babel)             in language  on input line 205.
Package babel Info: Redefining spanish shorthand >>
(babel)             in language  on input line 205.
Package babel Info: Redefining spanish shorthand "=
(babel)             in language  on input line 205.
Package babel Info: Redefining spanish shorthand "~
(babel)             in language  on input line 205.
Package babel Info: Redefining spanish shorthand "!
(babel)             in language  on input line 205.
Package babel Info: Redefining spanish shorthand "?
(babel)             in language  on input line 205.
Package babel Info: Redefining spanish shorthand <<
(babel)             in language  on input line 205.
Package babel Info: Redefining spanish shorthand >>
(babel)             in language  on input line 205.
Package babel Info: Redefining spanish shorthand "=
(babel)             in language  on input line 205.
Package babel Info: Redefining spanish shorthand "~
(babel)             in language  on input line 205.
Package babel Info: Redefining spanish shorthand "!
(babel)             in language  on input line 205.
Package babel Info: Redefining spanish shorthand "?
(babel)             in language  on input line 205.
[6 <./pictures/escenario.png>]
<./pictures/figure1.png, id=174, 555.07375pt x 419.5675pt>
File: ./pictures/figure1.png Graphic file (type png)

<use ./pictures/figure1.png>
Package pdftex.def Info: ./pictures/figure1.png used on input line 218.
(pdftex.def)             Requested size: 201.60205pt x 152.38861pt.

<./pictures/fuga.png, id=175, 294.09875pt x 191.71625pt>
File: ./pictures/fuga.png Graphic file (type png)

<use ./pictures/fuga.png>
Package pdftex.def Info: ./pictures/fuga.png used on input line 226.
(pdftex.def)             Requested size: 100.80103pt x 65.70921pt.
Package babel Info: Redefining spanish shorthand <<
(babel)             in language  on input line 230.
Package babel Info: Redefining spanish shorthand >>
(babel)             in language  on input line 230.
Package babel Info: Redefining spanish shorthand "=
(babel)             in language  on input line 230.
Package babel Info: Redefining spanish shorthand "~
(babel)             in language  on input line 230.
Package babel Info: Redefining spanish shorthand "!
(babel)             in language  on input line 230.
Package babel Info: Redefining spanish shorthand "?
(babel)             in language  on input line 230.
Package babel Info: Redefining spanish shorthand <<
(babel)             in language  on input line 230.
Package babel Info: Redefining spanish shorthand >>
(babel)             in language  on input line 230.
Package babel Info: Redefining spanish shorthand "=
(babel)             in language  on input line 230.
Package babel Info: Redefining spanish shorthand "~
(babel)             in language  on input line 230.
Package babel Info: Redefining spanish shorthand "!
(babel)             in language  on input line 230.
Package babel Info: Redefining spanish shorthand "?
(babel)             in language  on input line 230.
 [7 <./pictures/figure1.png>]
<./pictures/figure2.png, id=182, 552.0625pt x 412.54124pt>
File: ./pictures/figure2.png Graphic file (type png)

<use ./pictures/figure2.png>
Package pdftex.def Info: ./pictures/figure2.png used on input line 233.
(pdftex.def)             Requested size: 201.60205pt x 150.65498pt.

<./pictures/figure3.png, id=183, 557.08125pt x 423.5825pt>
File: ./pictures/figure3.png Graphic file (type png)

<use ./pictures/figure3.png>
Package pdftex.def Info: ./pictures/figure3.png used on input line 240.
(pdftex.def)             Requested size: 201.60205pt x 153.28458pt.

<./pictures/figure5.png, id=184, 553.06625pt x 417.56pt>
File: ./pictures/figure5.png Graphic file (type png)

<use ./pictures/figure5.png>
Package pdftex.def Info: ./pictures/figure5.png used on input line 247.
(pdftex.def)             Requested size: 201.60205pt x 152.20741pt.

<./pictures/figure4.png, id=185, 553.06625pt x 420.57124pt>
File: ./pictures/figure4.png Graphic file (type png)

<use ./pictures/figure4.png>
Package pdftex.def Info: ./pictures/figure4.png used on input line 255.
(pdftex.def)             Requested size: 201.60205pt x 153.30508pt.
Package babel Info: Redefining spanish shorthand <<
(babel)             in language  on input line 259.
Package babel Info: Redefining spanish shorthand >>
(babel)             in language  on input line 259.
Package babel Info: Redefining spanish shorthand "=
(babel)             in language  on input line 259.
Package babel Info: Redefining spanish shorthand "~
(babel)             in language  on input line 259.
Package babel Info: Redefining spanish shorthand "!
(babel)             in language  on input line 259.
Package babel Info: Redefining spanish shorthand "?
(babel)             in language  on input line 259.
Package babel Info: Redefining spanish shorthand <<
(babel)             in language  on input line 259.
Package babel Info: Redefining spanish shorthand >>
(babel)             in language  on input line 259.
Package babel Info: Redefining spanish shorthand "=
(babel)             in language  on input line 259.
Package babel Info: Redefining spanish shorthand "~
(babel)             in language  on input line 259.
Package babel Info: Redefining spanish shorthand "!
(babel)             in language  on input line 259.
Package babel Info: Redefining spanish shorthand "?
(babel)             in language  on input line 259.
 [8 <./pictures/fuga.png> <./pictures/figure2.png>]
Package babel Info: Redefining spanish shorthand <<
(babel)             in language  on input line 259.
Package babel Info: Redefining spanish shorthand >>
(babel)             in language  on input line 259.
Package babel Info: Redefining spanish shorthand "=
(babel)             in language  on input line 259.
Package babel Info: Redefining spanish shorthand "~
(babel)             in language  on input line 259.
Package babel Info: Redefining spanish shorthand "!
(babel)             in language  on input line 259.
Package babel Info: Redefining spanish shorthand "?
(babel)             in language  on input line 259.
Package babel Info: Redefining spanish shorthand <<
(babel)             in language  on input line 259.
Package babel Info: Redefining spanish shorthand >>
(babel)             in language  on input line 259.
Package babel Info: Redefining spanish shorthand "=
(babel)             in language  on input line 259.
Package babel Info: Redefining spanish shorthand "~
(babel)             in language  on input line 259.
Package babel Info: Redefining spanish shorthand "!
(babel)             in language  on input line 259.
Package babel Info: Redefining spanish shorthand "?
(babel)             in language  on input line 259.
[9 <./pictures/figure3.png> <./pictures/figure5.png> <./pictures/figure4.png>]
Package babel Info: Redefining spanish shorthand <<
(babel)             in language  on input line 260.
Package babel Info: Redefining spanish shorthand >>
(babel)             in language  on input line 260.
Package babel Info: Redefining spanish shorthand "=
(babel)             in language  on input line 260.
Package babel Info: Redefining spanish shorthand "~
(babel)             in language  on input line 260.
Package babel Info: Redefining spanish shorthand "!
(babel)             in language  on input line 260.
Package babel Info: Redefining spanish shorthand "?
(babel)             in language  on input line 260.

<./pictures/sim.png, id=199, 1001.7425pt x 711.65875pt>
File: ./pictures/sim.png Graphic file (type png)

<use ./pictures/sim.png>
Package pdftex.def Info: ./pictures/sim.png used on input line 265.
(pdftex.def)             Requested size: 336.0pt x 238.70306pt.
Package babel Info: Redefining spanish shorthand <<
(babel)             in language  on input line 272.
Package babel Info: Redefining spanish shorthand >>
(babel)             in language  on input line 272.
Package babel Info: Redefining spanish shorthand "=
(babel)             in language  on input line 272.
Package babel Info: Redefining spanish shorthand "~
(babel)             in language  on input line 272.
Package babel Info: Redefining spanish shorthand "!
(babel)             in language  on input line 272.
Package babel Info: Redefining spanish shorthand "?
(babel)             in language  on input line 272.
Package babel Info: Redefining spanish shorthand <<
(babel)             in language  on input line 275.
Package babel Info: Redefining spanish shorthand >>
(babel)             in language  on input line 275.
Package babel Info: Redefining spanish shorthand "=
(babel)             in language  on input line 275.
Package babel Info: Redefining spanish shorthand "~
(babel)             in language  on input line 275.
Package babel Info: Redefining spanish shorthand "!
(babel)             in language  on input line 275.
Package babel Info: Redefining spanish shorthand "?
(babel)             in language  on input line 275.
Package babel Info: Redefining spanish shorthand <<
(babel)             in language  on input line 275.
Package babel Info: Redefining spanish shorthand >>
(babel)             in language  on input line 275.
Package babel Info: Redefining spanish shorthand "=
(babel)             in language  on input line 275.
Package babel Info: Redefining spanish shorthand "~
(babel)             in language  on input line 275.
Package babel Info: Redefining spanish shorthand "!
(babel)             in language  on input line 275.
Package babel Info: Redefining spanish shorthand "?
(babel)             in language  on input line 275.
 [10 <./pictures/sim.png>]
Package babel Info: Redefining spanish shorthand <<
(babel)             in language  on input line 278.
Package babel Info: Redefining spanish shorthand >>
(babel)             in language  on input line 278.
Package babel Info: Redefining spanish shorthand "=
(babel)             in language  on input line 278.
Package babel Info: Redefining spanish shorthand "~
(babel)             in language  on input line 278.
Package babel Info: Redefining spanish shorthand "!
(babel)             in language  on input line 278.
Package babel Info: Redefining spanish shorthand "?
(babel)             in language  on input line 278.

<./pictures/bno055.png, id=205, 502.87875pt x 559.08875pt>
File: ./pictures/bno055.png Graphic file (type png)

<use ./pictures/bno055.png>
Package pdftex.def Info: ./pictures/bno055.png used on input line 283.
(pdftex.def)             Requested size: 168.0pt x 186.77762pt.
Package babel Info: Redefining spanish shorthand <<
(babel)             in language  on input line 287.
Package babel Info: Redefining spanish shorthand >>
(babel)             in language  on input line 287.
Package babel Info: Redefining spanish shorthand "=
(babel)             in language  on input line 287.
Package babel Info: Redefining spanish shorthand "~
(babel)             in language  on input line 287.
Package babel Info: Redefining spanish shorthand "!
(babel)             in language  on input line 287.
Package babel Info: Redefining spanish shorthand "?
(babel)             in language  on input line 287.

<./pictures/arduino.png, id=206, 503.8825pt x 236.885pt>
File: ./pictures/arduino.png Graphic file (type png)

<use ./pictures/arduino.png>
Package pdftex.def Info: ./pictures/arduino.png used on input line 291.
(pdftex.def)             Requested size: 168.0pt x 78.97833pt.
Package babel Info: Redefining spanish shorthand <<
(babel)             in language  on input line 294.
Package babel Info: Redefining spanish shorthand >>
(babel)             in language  on input line 294.
Package babel Info: Redefining spanish shorthand "=
(babel)             in language  on input line 294.
Package babel Info: Redefining spanish shorthand "~
(babel)             in language  on input line 294.
Package babel Info: Redefining spanish shorthand "!
(babel)             in language  on input line 294.
Package babel Info: Redefining spanish shorthand "?
(babel)             in language  on input line 294.
Package babel Info: Redefining spanish shorthand <<
(babel)             in language  on input line 294.
Package babel Info: Redefining spanish shorthand >>
(babel)             in language  on input line 294.
Package babel Info: Redefining spanish shorthand "=
(babel)             in language  on input line 294.
Package babel Info: Redefining spanish shorthand "~
(babel)             in language  on input line 294.
Package babel Info: Redefining spanish shorthand "!
(babel)             in language  on input line 294.
Package babel Info: Redefining spanish shorthand "?
(babel)             in language  on input line 294.
 [11 <./pictures/bno055.png>]
Package babel Info: Redefining spanish shorthand <<
(babel)             in language  on input line 295.
Package babel Info: Redefining spanish shorthand >>
(babel)             in language  on input line 295.
Package babel Info: Redefining spanish shorthand "=
(babel)             in language  on input line 295.
Package babel Info: Redefining spanish shorthand "~
(babel)             in language  on input line 295.
Package babel Info: Redefining spanish shorthand "!
(babel)             in language  on input line 295.
Package babel Info: Redefining spanish shorthand "?
(babel)             in language  on input line 295.

<./pictures/xbee.jpg, id=212, 301.125pt x 301.125pt>
File: ./pictures/xbee.jpg Graphic file (type jpg)
 <use ./pictures/xbee.jpg>
Package pdftex.def Info: ./pictures/xbee.jpg used on input line 301.
(pdftex.def)             Requested size: 134.39795pt x 134.40224pt.
Package babel Info: Redefining spanish shorthand <<
(babel)             in language  on input line 305.
Package babel Info: Redefining spanish shorthand >>
(babel)             in language  on input line 305.
Package babel Info: Redefining spanish shorthand "=
(babel)             in language  on input line 305.
Package babel Info: Redefining spanish shorthand "~
(babel)             in language  on input line 305.
Package babel Info: Redefining spanish shorthand "!
(babel)             in language  on input line 305.
Package babel Info: Redefining spanish shorthand "?
(babel)             in language  on input line 305.
Package babel Info: Redefining spanish shorthand <<
(babel)             in language  on input line 308.
Package babel Info: Redefining spanish shorthand >>
(babel)             in language  on input line 308.
Package babel Info: Redefining spanish shorthand "=
(babel)             in language  on input line 308.
Package babel Info: Redefining spanish shorthand "~
(babel)             in language  on input line 308.
Package babel Info: Redefining spanish shorthand "!
(babel)             in language  on input line 308.
Package babel Info: Redefining spanish shorthand "?
(babel)             in language  on input line 308.
Package babel Info: Redefining spanish shorthand <<
(babel)             in language  on input line 308.
Package babel Info: Redefining spanish shorthand >>
(babel)             in language  on input line 308.
Package babel Info: Redefining spanish shorthand "=
(babel)             in language  on input line 308.
Package babel Info: Redefining spanish shorthand "~
(babel)             in language  on input line 308.
Package babel Info: Redefining spanish shorthand "!
(babel)             in language  on input line 308.
Package babel Info: Redefining spanish shorthand "?
(babel)             in language  on input line 308.

[12 <./pictures/arduino.png> <./pictures/xbee.jpg>]
<./pictures/TPS61093.jpg, id=219, 205.76875pt x 141.52875pt>
File: ./pictures/TPS61093.jpg Graphic file (type jpg)

<use ./pictures/TPS61093.jpg>
Package pdftex.def Info: ./pictures/TPS61093.jpg used on input line 311.
(pdftex.def)             Requested size: 67.19897pt x 46.21872pt.

<./pictures/schematic.png, id=220, 1482.53876pt x 879.285pt>
File: ./pictures/schematic.png Graphic file (type png)

<use ./pictures/schematic.png>
Package pdftex.def Info: ./pictures/schematic.png used on input line 317.
(pdftex.def)             Requested size: 336.0pt x 199.2796pt.

<./pictures/board.png, id=221, 1061.9675pt x 819.06pt>
File: ./pictures/board.png Graphic file (type png)

<use ./pictures/board.png>
Package pdftex.def Info: ./pictures/board.png used on input line 322.
(pdftex.def)             Requested size: 336.0pt x 259.14256pt.
Package babel Info: Redefining spanish shorthand <<
(babel)             in language  on input line 327.
Package babel Info: Redefining spanish shorthand >>
(babel)             in language  on input line 327.
Package babel Info: Redefining spanish shorthand "=
(babel)             in language  on input line 327.
Package babel Info: Redefining spanish shorthand "~
(babel)             in language  on input line 327.
Package babel Info: Redefining spanish shorthand "!
(babel)             in language  on input line 327.
Package babel Info: Redefining spanish shorthand "?
(babel)             in language  on input line 327.

<./pictures/placa1.jpg, id=222, 3276.24pt x 1842.885pt>
File: ./pictures/placa1.jpg Graphic file (type jpg)

<use ./pictures/placa1.jpg>
Package pdftex.def Info: ./pictures/placa1.jpg used on input line 331.
(pdftex.def)             Requested size: 168.0pt x 94.48361pt.

<./pictures/placa2.jpg, id=223, 3276.24pt x 1842.885pt>
File: ./pictures/placa2.jpg Graphic file (type jpg)

<use ./pictures/placa2.jpg>
Package pdftex.def Info: ./pictures/placa2.jpg used on input line 332.
(pdftex.def)             Requested size: 168.0pt x 94.48361pt.

<./pictures/pila.png, id=224, 426.59375pt x 639.38875pt>
File: ./pictures/pila.png Graphic file (type png)

<use ./pictures/pila.png>
Package pdftex.def Info: ./pictures/pila.png used on input line 337.
(pdftex.def)             Requested size: 100.80103pt x 151.0759pt.

<./pictures/placa3.png, id=225, 1011.78pt x 595.22375pt>
File: ./pictures/placa3.png Graphic file (type png)

<use ./pictures/placa3.png>
Package pdftex.def Info: ./pictures/placa3.png used on input line 343.
(pdftex.def)             Requested size: 168.0pt x 98.83437pt.
Package babel Info: Redefining spanish shorthand <<
(babel)             in language  on input line 347.
Package babel Info: Redefining spanish shorthand >>
(babel)             in language  on input line 347.
Package babel Info: Redefining spanish shorthand "=
(babel)             in language  on input line 347.
Package babel Info: Redefining spanish shorthand "~
(babel)             in language  on input line 347.
Package babel Info: Redefining spanish shorthand "!
(babel)             in language  on input line 347.
Package babel Info: Redefining spanish shorthand "?
(babel)             in language  on input line 347.
Package babel Info: Redefining spanish shorthand <<
(babel)             in language  on input line 352.
Package babel Info: Redefining spanish shorthand >>
(babel)             in language  on input line 352.
Package babel Info: Redefining spanish shorthand "=
(babel)             in language  on input line 352.
Package babel Info: Redefining spanish shorthand "~
(babel)             in language  on input line 352.
Package babel Info: Redefining spanish shorthand "!
(babel)             in language  on input line 352.
Package babel Info: Redefining spanish shorthand "?
(babel)             in language  on input line 352.
Package babel Info: Redefining spanish shorthand <<
(babel)             in language  on input line 352.
Package babel Info: Redefining spanish shorthand >>
(babel)             in language  on input line 352.
Package babel Info: Redefining spanish shorthand "=
(babel)             in language  on input line 352.
Package babel Info: Redefining spanish shorthand "~
(babel)             in language  on input line 352.
Package babel Info: Redefining spanish shorthand "!
(babel)             in language  on input line 352.
Package babel Info: Redefining spanish shorthand "?
(babel)             in language  on input line 352.
 [13 <./pictures/TPS61093.jpg> <./pictures/schematic.png>]
Package babel Info: Redefining spanish shorthand <<
(babel)             in language  on input line 352.
Package babel Info: Redefining spanish shorthand >>
(babel)             in language  on input line 352.
Package babel Info: Redefining spanish shorthand "=
(babel)             in language  on input line 352.
Package babel Info: Redefining spanish shorthand "~
(babel)             in language  on input line 352.
Package babel Info: Redefining spanish shorthand "!
(babel)             in language  on input line 352.
Package babel Info: Redefining spanish shorthand "?
(babel)             in language  on input line 352.
Package babel Info: Redefining spanish shorthand <<
(babel)             in language  on input line 352.
Package babel Info: Redefining spanish shorthand >>
(babel)             in language  on input line 352.
Package babel Info: Redefining spanish shorthand "=
(babel)             in language  on input line 352.
Package babel Info: Redefining spanish shorthand "~
(babel)             in language  on input line 352.
Package babel Info: Redefining spanish shorthand "!
(babel)             in language  on input line 352.
Package babel Info: Redefining spanish shorthand "?
(babel)             in language  on input line 352.
 [14 <./pictures/board.png> <./pictures/placa1.jpg> <./pictures/placa2.jpg> <./
pictures/pila.png>]
Package babel Info: Redefining spanish shorthand <<
(babel)             in language  on input line 358.
Package babel Info: Redefining spanish shorthand >>
(babel)             in language  on input line 358.
Package babel Info: Redefining spanish shorthand "=
(babel)             in language  on input line 358.
Package babel Info: Redefining spanish shorthand "~
(babel)             in language  on input line 358.
Package babel Info: Redefining spanish shorthand "!
(babel)             in language  on input line 358.
Package babel Info: Redefining spanish shorthand "?
(babel)             in language  on input line 358.
Package babel Info: Redefining spanish shorthand <<
(babel)             in language  on input line 364.
Package babel Info: Redefining spanish shorthand >>
(babel)             in language  on input line 364.
Package babel Info: Redefining spanish shorthand "=
(babel)             in language  on input line 364.
Package babel Info: Redefining spanish shorthand "~
(babel)             in language  on input line 364.
Package babel Info: Redefining spanish shorthand "!
(babel)             in language  on input line 364.
Package babel Info: Redefining spanish shorthand "?
(babel)             in language  on input line 364.

No file classicthesis-article.bbl.
Package atveryend Info: Empty hook `BeforeClearDocument' on input line 367.
Package babel Info: Redefining spanish shorthand <<
(babel)             in language  on input line 367.
Package babel Info: Redefining spanish shorthand >>
(babel)             in language  on input line 367.
Package babel Info: Redefining spanish shorthand "=
(babel)             in language  on input line 367.
Package babel Info: Redefining spanish shorthand "~
(babel)             in language  on input line 367.
Package babel Info: Redefining spanish shorthand "!
(babel)             in language  on input line 367.
Package babel Info: Redefining spanish shorthand "?
(babel)             in language  on input line 367.
Package babel Info: Redefining spanish shorthand <<
(babel)             in language  on input line 367.
Package babel Info: Redefining spanish shorthand >>
(babel)             in language  on input line 367.
Package babel Info: Redefining spanish shorthand "=
(babel)             in language  on input line 367.
Package babel Info: Redefining spanish shorthand "~
(babel)             in language  on input line 367.
Package babel Info: Redefining spanish shorthand "!
(babel)             in language  on input line 367.
Package babel Info: Redefining spanish shorthand "?
(babel)             in language  on input line 367.
[15 <./pictures/placa3.png>]
Package atveryend Info: Empty hook `AfterLastShipout' on input line 367.
 (./classicthesis-article.aux
LaTeX Info: Redefining \. on input line 23.
LaTeX Info: Redefining \% on input line 23.
)
Package atveryend Info: Executing hook `AtVeryEndDocument' on input line 367.
Package atveryend Info: Executing hook `AtEndAfterFileList' on input line 367.
Package rerunfilecheck Info: File `classicthesis-article.out' has not changed.
(rerunfilecheck)             Checksum: 08B25FEF64FC4751DE3BECA0D43F1AAA;1267.


LaTeX Warning: There were multiply-defined labels.

Package atveryend Info: Empty hook `AtVeryVeryEnd' on input line 367.
 ) 
Here is how much of TeX's memory you used:
 13141 strings out of 493029
 224518 string characters out of 6136235
 490748 words of memory out of 5000000
 16046 multiletter control sequences out of 15000+600000
 84146 words of font info for 343 fonts, out of 8000000 for 9000
 1141 hyphenation exceptions out of 8191
 48i,20n,75p,1364b,635s stack positions out of 5000i,500n,10000p,200000b,80000s
pdfTeX warning (dest): name{Hfootnote.1} has been referenced but does not exi
st, replaced by a fixed one

{/usr/share/texlive/texmf-dist/fonts/enc/dvips/base/8r.enc}</usr/share/texlive/
texmf-dist/fonts/type1/public/amsfonts/cm/cmex10.pfb></usr/share/texlive/texmf-
dist/fonts/type1/public/amsfonts/cm/cmmi10.pfb></usr/share/texlive/texmf-dist/f
onts/type1/public/amsfonts/cm/cmr10.pfb></usr/share/texlive/texmf-dist/fonts/ty
pe1/public/amsfonts/cm/cmsy10.pfb></usr/share/texlive/texmf-dist/fonts/type1/pu
blic/mathpazo/fplmri.pfb></usr/share/texlive/texmf-dist/fonts/type1/public/fpl/
fplrc8a.pfb></usr/share/texlive/texmf-dist/fonts/type1/urw/palatino/uplb8a.pfb>
</usr/share/texlive/texmf-dist/fonts/type1/urw/palatino/uplr8a.pfb></usr/share/
texlive/texmf-dist/fonts/type1/urw/palatino/uplri8a.pfb>
Output written on classicthesis-article.pdf (15 pages, 3308426 bytes).
PDF statistics:
 297 PDF objects out of 1000 (max. 8388607)
 247 compressed objects within 3 object streams
 81 named destinations out of 1000 (max. 500000)
 56069 words of extra memory for PDF output out of 61914 (max. 10000000)

