\BOOKMARK [1][-]{section.1}{Resumen}{}% 1
\BOOKMARK [1][-]{section.2}{Objetivos}{}% 2
\BOOKMARK [2][-]{subsection.2.1}{objetivo general}{section.2}% 3
\BOOKMARK [2][-]{subsection.2.2}{objetivos espec\355ficios}{section.2}% 4
\BOOKMARK [1][-]{section.3}{Introducci\363n}{}% 5
\BOOKMARK [1][-]{section.4}{Marco te\363rico}{}% 6
\BOOKMARK [1][-]{section.5}{Mapeo de coordenadas a \341ngulos}{}% 7
\BOOKMARK [1][-]{section.6}{Ecuaciones}{}% 8
\BOOKMARK [2][-]{subsection.6.1}{Desviaci\363n de y y x}{section.6}% 9
\BOOKMARK [1][-]{section.7}{An\341lisis del comportamiento de los \341ngulos x y y}{}% 10
\BOOKMARK [1][-]{section.8}{Simulaci\363n processing}{}% 11
\BOOKMARK [1][-]{section.9}{Dispositivo para adquirir datos}{}% 12
\BOOKMARK [2][-]{subsection.9.1}{IMU}{section.9}% 13
\BOOKMARK [2][-]{subsection.9.2}{Microcontrolador}{section.9}% 14
\BOOKMARK [2][-]{subsection.9.3}{Xbee}{section.9}% 15
\BOOKMARK [2][-]{subsection.9.4}{Dise\361o de la tarjeta}{section.9}% 16
\BOOKMARK [2][-]{subsection.9.5}{tarjeta electr\363nica}{section.9}% 17
\BOOKMARK [1][-]{section.10}{Rotaciones en los pares de posiciones}{}% 18
\BOOKMARK [2][-]{subsection.10.1}{C\341lculo de todas las rotaciones posibles}{section.10}% 19
\BOOKMARK [1][-]{subsection.10.1}{Referencias}{}% 20
